<?xml version="1.0" encoding="UTF-8"?>
<testsuite xmlns:xsi="http://www.w3.org/2001/XMLSchema-instance" xsi:noNamespaceSchemaLocation="https://maven.apache.org/surefire/maven-surefire-plugin/xsd/surefire-test-report-3.0.xsd" version="3.0" name="pizzashop.service.PizzaServiceTest" time="0.099" tests="13" errors="0" skipped="1" failures="0">
  <properties>
[...]
</properties>
  <testcase name="getTotalAmountValid_1" classname="pizzashop.service.PizzaServiceTest" time="0.005"/>
  <testcase name="getTotalAmountValid_2" classname="pizzashop.service.PizzaServiceTest" time="0.002"/>
  <testcase name="getTotalAmountValid_3" classname="pizzashop.service.PizzaServiceTest" time="0.003"/>
  <testcase name="add_payment_8_ecp(Integer)[1]" classname="pizzashop.service.PizzaServiceTest" time="0.031">
    <system-out><![CDATA[7,CARD,200.0
]]></system-out>
  </testcase>
  <testcase name="addPayment_1_bva" classname="pizzashop.service.PizzaServiceTest" time="0.001">
    <system-out><![CDATA[9,CARD,200.0
]]></system-out>
  </testcase>
  <testcase name="addPayment_2_bva" classname="pizzashop.service.PizzaServiceTest" time="0.002">
    <system-out><![CDATA[0,CARD,34.0
]]></system-out>
  </testcase>
  <testcase name="addPayment_3_bva" classname="pizzashop.service.PizzaServiceTest" time="0.002">
    <system-out><![CDATA[8,CARD,200.0
]]></system-out>
  </testcase>
  <testcase name="addPayment_4_bva" classname="pizzashop.service.PizzaServiceTest" time="0.002">
    <system-out><![CDATA[2,CARD,-200.0
]]></system-out>
  </testcase>
  <testcase name="addPayment_5_ecp" classname="pizzashop.service.PizzaServiceTest" time="0.002">
    <system-out><![CDATA[10,CASH,200.0
]]></system-out>
  </testcase>
  <testcase name="addPayment_5_ecp" classname="pizzashop.service.PizzaServiceTest" time="0.002">
    <system-out><![CDATA[10,CASH,200.0
]]></system-out>
  </testcase>
  <testcase name="addPayment_6_ecp" classname="pizzashop.service.PizzaServiceTest" time="0.001">
    <system-out><![CDATA[3,CARD,200.0
]]></system-out>
  </testcase>
  <testcase name="addPayment_7_ecp" classname="pizzashop.service.PizzaServiceTest" time="0.006">
    <system-out><![CDATA[-4,CARD,-200.0
]]></system-out>
  </testcase>
  <testcase name="addPayment_disabled_9_ecp(Integer)" classname="pizzashop.service.PizzaServiceTest" time="0">
    <skipped message="void pizzashop.service.PizzaServiceTest.addPayment_disabled_9_ecp(java.lang.Integer) throws java.lang.Exception is @Disabled"/>
  </testcase>
</testsuite>